<?xml version="1.0" encoding="UTF-8"?>
<!-- Generated by org.testng.reporters.JUnitReportReporter -->
<testsuite hostname="DESKTOP-EVAGC75" failures="0" tests="3" name="Trello_Main.Trello_Main" time="29.634" errors="0" timestamp="2022-09-23T11:43:54 IST" skipped="0">
  <testcase classname="Trello_Main.Trello_Main" name="login" time="9.534"/>
  <system-out/>
  <testcase classname="Trello_Main.Trello_Main" name="desh" time="13.916"/>
  <system-out/>
  <testcase classname="Trello_Main.Trello_Main" name="Board" time="6.184"/>
  <system-out/>
</testsuite> <!-- Trello_Main.Trello_Main -->
